<?xml version="1.0" encoding="UTF-8"?>
<testsuite xmlns:xsi="http://www.w3.org/2001/XMLSchema-instance" xsi:noNamespaceSchemaLocation="https://maven.apache.org/surefire/maven-surefire-plugin/xsd/surefire-test-report.xsd" name="StepDefinitions.TestRunner" time="421.404" tests="11" errors="0" skipped="0" failures="0">
  <properties>
[...]
</properties>
  <testcase name="Home Page with three Sliders only" classname="verify the Home page Scenarios" time="24.309"/>
  <testcase name="Home page with three Arrivals only" classname="verify the Home page Scenarios" time="41.174"/>
  <testcase name="Home page - Images in Arrivals should navigate #1" classname="verify the Home page Scenarios" time="47.239"/>
  <testcase name="Home page - Images in Arrivals should navigate #2" classname="verify the Home page Scenarios" time="27.792"/>
  <testcase name="Home page - Images in Arrivals should navigate #3" classname="verify the Home page Scenarios" time="41.727"/>
  <testcase name="Home page - Arrivals-Images-Description #1" classname="verify the Home page Scenarios" time="35.367"/>
  <testcase name="Home page - Arrivals-Images-Description #2" classname="verify the Home page Scenarios" time="43.418"/>
  <testcase name="Home page - Arrivals-Images-Description #3" classname="verify the Home page Scenarios" time="42.303"/>
  <testcase name="Home page - Arrivals-Images-Reviews #1" classname="verify the Home page Scenarios" time="24.926"/>
  <testcase name="Home page - Arrivals-Images-Reviews #2" classname="verify the Home page Scenarios" time="62.753"/>
  <testcase name="Home page - Arrivals-Images-Reviews #3" classname="verify the Home page Scenarios" time="29.66"/>
</testsuite>